{"/home/ozan/github/device-microservice/src/app.module.ts": {"path":"/home/ozan/github/device-microservice/src/app.module.ts","statementMap":{"0":{"start":{"line":1,"column":0},"end":{"line":1,"column":40}},"1":{"start":{"line":2,"column":0},"end":{"line":2,"column":42}},"2":{"start":{"line":3,"column":0},"end":{"line":3,"column":83}},"3":{"start":{"line":5,"column":0},"end":{"line":5,"column":84}},"4":{"start":{"line":7,"column":0},"end":{"line":7,"column":79}},"5":{"start":{"line":8,"column":0},"end":{"line":8,"column":67}},"6":{"start":{"line":26,"column":0},"end":{"line":26,"column":null}},"7":{"start":{"line":26,"column":13},"end":{"line":26,"column":null}},"8":{"start":{"line":26,"column":13},"end":{"line":26,"column":22}}},"fnMap":{},"branchMap":{},"s":{"0":0,"1":0,"2":0,"3":0,"4":0,"5":0,"6":0,"7":0,"8":0},"f":{},"b":{}}
,"/home/ozan/github/device-microservice/src/main.ts": {"path":"/home/ozan/github/device-microservice/src/main.ts","statementMap":{"0":{"start":{"line":1,"column":0},"end":{"line":1,"column":48}},"1":{"start":{"line":2,"column":0},"end":{"line":2,"column":43}},"2":{"start":{"line":3,"column":0},"end":{"line":3,"column":65}},"3":{"start":{"line":4,"column":0},"end":{"line":4,"column":41}},"4":{"start":{"line":6,"column":0},"end":{"line":6,"column":93}},"5":{"start":{"line":7,"column":0},"end":{"line":7,"column":112}},"6":{"start":{"line":8,"column":0},"end":{"line":8,"column":71}},"7":{"start":{"line":12,"column":14},"end":{"line":12,"column":34}},"8":{"start":{"line":13,"column":14},"end":{"line":13,"column":49}},"9":{"start":{"line":18,"column":2},"end":{"line":18,"column":43}},"10":{"start":{"line":21,"column":2},"end":{"line":21,"column":73}},"11":{"start":{"line":22,"column":2},"end":{"line":22,"column":55}},"12":{"start":{"line":25,"column":2},"end":{"line":25,"column":32}},"13":{"start":{"line":28,"column":2},"end":{"line":40,"column":null}},"14":{"start":{"line":29,"column":19},"end":{"line":34,"column":14}},"15":{"start":{"line":35,"column":21},"end":{"line":38,"column":6}},"16":{"start":{"line":39,"column":4},"end":{"line":39,"column":46}},"17":{"start":{"line":42,"column":2},"end":{"line":42,"column":25}},"18":{"start":{"line":44,"column":0},"end":{"line":44,"column":12}}},"fnMap":{"0":{"name":"bootstrap","decl":{"start":{"line":11,"column":15},"end":{"line":11,"column":24}},"loc":{"start":{"line":11,"column":24},"end":{"line":43,"column":1}}}},"branchMap":{"0":{"loc":{"start":{"line":28,"column":2},"end":{"line":40,"column":null}},"type":"if","locations":[{"start":{"line":28,"column":2},"end":{"line":40,"column":null}}]}},"s":{"0":0,"1":0,"2":0,"3":0,"4":0,"5":0,"6":0,"7":0,"8":0,"9":0,"10":0,"11":0,"12":0,"13":0,"14":0,"15":0,"16":0,"17":0,"18":0},"f":{"0":0},"b":{"0":[0]}}
,"/home/ozan/github/device-microservice/src/entities/domainEntities/device.ts": {"path":"/home/ozan/github/device-microservice/src/entities/domainEntities/device.ts","statementMap":{"0":{"start":{"line":4,"column":0},"end":{"line":4,"column":13}}},"fnMap":{"0":{"name":"(anonymous_0)","decl":{"start":{"line":6,"column":4},"end":{"line":6,"column":null}},"loc":{"start":{"line":6,"column":4},"end":{"line":8,"column":5}}}},"branchMap":{},"s":{"0":1},"f":{"0":1},"b":{}}
,"/home/ozan/github/device-microservice/src/entities/domainEntities/deviceType.ts": {"path":"/home/ozan/github/device-microservice/src/entities/domainEntities/deviceType.ts","statementMap":{"0":{"start":{"line":5,"column":0},"end":{"line":5,"column":13}}},"fnMap":{},"branchMap":{},"s":{"0":1},"f":{},"b":{}}
,"/home/ozan/github/device-microservice/src/entities/domainEntities/gateway.ts": {"path":"/home/ozan/github/device-microservice/src/entities/domainEntities/gateway.ts","statementMap":{"0":{"start":{"line":3,"column":0},"end":{"line":3,"column":13}}},"fnMap":{},"branchMap":{},"s":{"0":0},"f":{},"b":{}}
,"/home/ozan/github/device-microservice/src/entities/domainEntities/sensor.ts": {"path":"/home/ozan/github/device-microservice/src/entities/domainEntities/sensor.ts","statementMap":{"0":{"start":{"line":3,"column":0},"end":{"line":3,"column":13}}},"fnMap":{},"branchMap":{},"s":{"0":0},"f":{},"b":{}}
,"/home/ozan/github/device-microservice/src/entities/domainEntities/telemetry.ts": {"path":"/home/ozan/github/device-microservice/src/entities/domainEntities/telemetry.ts","statementMap":{"0":{"start":{"line":2,"column":0},"end":{"line":2,"column":13}}},"fnMap":{},"branchMap":{},"s":{"0":0},"f":{},"b":{}}
,"/home/ozan/github/device-microservice/src/entities/enums/deviceClass.ts": {"path":"/home/ozan/github/device-microservice/src/entities/enums/deviceClass.ts","statementMap":{"0":{"start":{"line":3,"column":33},"end":{"line":3,"column":46}},"1":{"start":{"line":10,"column":8},"end":{"line":10,"column":26}},"2":{"start":{"line":14,"column":8},"end":{"line":16,"column":null}},"3":{"start":{"line":15,"column":12},"end":{"line":15,"column":33}},"4":{"start":{"line":17,"column":8},"end":{"line":19,"column":null}},"5":{"start":{"line":18,"column":12},"end":{"line":18,"column":33}},"6":{"start":{"line":20,"column":8},"end":{"line":22,"column":null}},"7":{"start":{"line":21,"column":12},"end":{"line":21,"column":33}},"8":{"start":{"line":23,"column":8},"end":{"line":23,"column":48}},"9":{"start":{"line":2,"column":0},"end":{"line":2,"column":13}},"10":{"start":{"line":5,"column":11},"end":{"line":5,"column":36}},"11":{"start":{"line":6,"column":11},"end":{"line":6,"column":36}},"12":{"start":{"line":7,"column":11},"end":{"line":7,"column":36}}},"fnMap":{"0":{"name":"(anonymous_0)","decl":{"start":{"line":3,"column":4},"end":{"line":3,"column":33}},"loc":{"start":{"line":3,"column":46},"end":{"line":4,"column":5}}},"1":{"name":"(anonymous_1)","decl":{"start":{"line":9,"column":4},"end":{"line":9,"column":12}},"loc":{"start":{"line":9,"column":12},"end":{"line":11,"column":5}}},"2":{"name":"(anonymous_2)","decl":{"start":{"line":13,"column":4},"end":{"line":13,"column":10}},"loc":{"start":{"line":13,"column":36},"end":{"line":24,"column":5}}}},"branchMap":{"0":{"loc":{"start":{"line":14,"column":8},"end":{"line":16,"column":null}},"type":"if","locations":[{"start":{"line":14,"column":8},"end":{"line":16,"column":null}}]},"1":{"loc":{"start":{"line":17,"column":8},"end":{"line":19,"column":null}},"type":"if","locations":[{"start":{"line":17,"column":8},"end":{"line":19,"column":null}}]},"2":{"loc":{"start":{"line":20,"column":8},"end":{"line":22,"column":null}},"type":"if","locations":[{"start":{"line":20,"column":8},"end":{"line":22,"column":null}}]}},"s":{"0":3,"1":1,"2":2,"3":1,"4":1,"5":0,"6":1,"7":0,"8":1,"9":1,"10":1,"11":1,"12":1},"f":{"0":3,"1":1,"2":2},"b":{"0":[1],"1":[0],"2":[0]}}
,"/home/ozan/github/device-microservice/src/entities/valueObjects/macAddress.ts": {"path":"/home/ozan/github/device-microservice/src/entities/valueObjects/macAddress.ts","statementMap":{"0":{"start":{"line":3,"column":33},"end":{"line":3,"column":46}},"1":{"start":{"line":8,"column":8},"end":{"line":8,"column":26}},"2":{"start":{"line":12,"column":24},"end":{"line":12,"column":45}},"3":{"start":{"line":13,"column":8},"end":{"line":13,"column":32}},"4":{"start":{"line":16,"column":8},"end":{"line":18,"column":null}},"5":{"start":{"line":17,"column":12},"end":{"line":17,"column":25}},"6":{"start":{"line":19,"column":20},"end":{"line":19,"column":57}},"7":{"start":{"line":20,"column":8},"end":{"line":20,"column":31}},"8":{"start":{"line":25,"column":8},"end":{"line":27,"column":null}},"9":{"start":{"line":26,"column":12},"end":{"line":26,"column":39}},"10":{"start":{"line":28,"column":8},"end":{"line":28,"column":47}},"11":{"start":{"line":1,"column":0},"end":{"line":1,"column":13}}},"fnMap":{"0":{"name":"(anonymous_0)","decl":{"start":{"line":3,"column":4},"end":{"line":3,"column":33}},"loc":{"start":{"line":3,"column":46},"end":{"line":5,"column":5}}},"1":{"name":"(anonymous_1)","decl":{"start":{"line":7,"column":4},"end":{"line":7,"column":17}},"loc":{"start":{"line":7,"column":17},"end":{"line":9,"column":5}}},"2":{"name":"(anonymous_2)","decl":{"start":{"line":11,"column":4},"end":{"line":11,"column":21}},"loc":{"start":{"line":11,"column":21},"end":{"line":14,"column":5}}},"3":{"name":"(anonymous_3)","decl":{"start":{"line":15,"column":4},"end":{"line":15,"column":10}},"loc":{"start":{"line":15,"column":40},"end":{"line":22,"column":5}}},"4":{"name":"(anonymous_4)","decl":{"start":{"line":24,"column":4},"end":{"line":24,"column":10}},"loc":{"start":{"line":24,"column":28},"end":{"line":29,"column":5}}}},"branchMap":{"0":{"loc":{"start":{"line":16,"column":8},"end":{"line":18,"column":null}},"type":"if","locations":[{"start":{"line":16,"column":8},"end":{"line":18,"column":null}}]},"1":{"loc":{"start":{"line":25,"column":8},"end":{"line":27,"column":null}},"type":"if","locations":[{"start":{"line":25,"column":8},"end":{"line":27,"column":null}}]}},"s":{"0":5,"1":1,"2":4,"3":4,"4":6,"5":1,"6":5,"7":5,"8":6,"9":5,"10":1,"11":2},"f":{"0":5,"1":1,"2":4,"3":6,"4":6},"b":{"0":[1],"1":[5]}}
,"/home/ozan/github/device-microservice/src/infrastructure/common/localization.module.ts": {"path":"/home/ozan/github/device-microservice/src/infrastructure/common/localization.module.ts","statementMap":{"0":{"start":{"line":1,"column":0},"end":{"line":1,"column":40}},"1":{"start":{"line":2,"column":0},"end":{"line":2,"column":29}},"2":{"start":{"line":3,"column":0},"end":{"line":3,"column":57}},"3":{"start":{"line":4,"column":11},"end":{"line":4,"column":59}},"4":{"start":{"line":5,"column":0},"end":{"line":5,"column":null}},"5":{"start":{"line":18,"column":0},"end":{"line":18,"column":null}},"6":{"start":{"line":18,"column":13},"end":{"line":18,"column":null}},"7":{"start":{"line":18,"column":13},"end":{"line":18,"column":31}}},"fnMap":{},"branchMap":{},"s":{"0":0,"1":0,"2":0,"3":0,"4":0,"5":0,"6":0,"7":0},"f":{},"b":{}}
,"/home/ozan/github/device-microservice/src/infrastructure/common/filter/exception.filter.ts": {"path":"/home/ozan/github/device-microservice/src/infrastructure/common/filter/exception.filter.ts","statementMap":{"0":{"start":{"line":1,"column":0},"end":{"line":1,"column":119}},"1":{"start":{"line":3,"column":0},"end":{"line":3,"column":42}},"2":{"start":{"line":4,"column":0},"end":{"line":4,"column":60}},"3":{"start":{"line":12,"column":0},"end":{"line":59,"column":null}},"4":{"start":{"line":13,"column":31},"end":{"line":13,"column":39}},"5":{"start":{"line":13,"column":70},"end":{"line":13,"column":76}},"6":{"start":{"line":15,"column":16},"end":{"line":15,"column":35}},"7":{"start":{"line":16,"column":21},"end":{"line":16,"column":38}},"8":{"start":{"line":17,"column":25},"end":{"line":17,"column":41}},"9":{"start":{"line":19,"column":19},"end":{"line":19,"column":112}},"10":{"start":{"line":21,"column":6},"end":{"line":23,"column":69}},"11":{"start":{"line":25,"column":4},"end":{"line":27,"column":7}},"12":{"start":{"line":28,"column":22},"end":{"line":35,"column":null}},"13":{"start":{"line":38,"column":4},"end":{"line":38,"column":57}},"14":{"start":{"line":40,"column":4},"end":{"line":40,"column":47}},"15":{"start":{"line":44,"column":4},"end":{"line":57,"column":null}},"16":{"start":{"line":45,"column":6},"end":{"line":50,"column":8}},"17":{"start":{"line":52,"column":6},"end":{"line":56,"column":8}},"18":{"start":{"line":12,"column":13},"end":{"line":59,"column":null}},"19":{"start":{"line":12,"column":13},"end":{"line":12,"column":31}}},"fnMap":{"0":{"name":"(anonymous_2)","decl":{"start":{"line":13,"column":2},"end":{"line":13,"column":31}},"loc":{"start":{"line":13,"column":87},"end":{"line":13,"column":91}}},"1":{"name":"(anonymous_3)","decl":{"start":{"line":14,"column":2},"end":{"line":14,"column":7}},"loc":{"start":{"line":14,"column":49},"end":{"line":41,"column":3}}},"2":{"name":"(anonymous_4)","decl":{"start":{"line":43,"column":10},"end":{"line":43,"column":20}},"loc":{"start":{"line":43,"column":82},"end":{"line":58,"column":3}}}},"branchMap":{"0":{"loc":{"start":{"line":19,"column":19},"end":{"line":19,"column":112}},"type":"cond-expr","locations":[{"start":{"line":19,"column":56},"end":{"line":19,"column":77}},{"start":{"line":19,"column":80},"end":{"line":19,"column":112}}]},"1":{"loc":{"start":{"line":21,"column":6},"end":{"line":23,"column":69}},"type":"cond-expr","locations":[{"start":{"line":22,"column":11},"end":{"line":22,"column":45}},{"start":{"line":23,"column":10},"end":{"line":23,"column":69}}]},"2":{"loc":{"start":{"line":44,"column":4},"end":{"line":57,"column":null}},"type":"if","locations":[{"start":{"line":44,"column":4},"end":{"line":57,"column":null}},{"start":{"line":51,"column":11},"end":{"line":57,"column":null}}]},"3":{"loc":{"start":{"line":47,"column":64},"end":{"line":47,"column":null}},"type":"cond-expr","locations":[{"start":{"line":47,"column":85},"end":{"line":47,"column":103}},{"start":{"line":47,"column":106},"end":{"line":47,"column":null}}]},"4":{"loc":{"start":{"line":48,"column":20},"end":{"line":48,"column":60}},"type":"cond-expr","locations":[{"start":{"line":48,"column":38},"end":{"line":48,"column":53}},{"start":{"line":48,"column":56},"end":{"line":48,"column":60}}]},"5":{"loc":{"start":{"line":49,"column":8},"end":{"line":49,"column":44}},"type":"cond-expr","locations":[{"start":{"line":49,"column":24},"end":{"line":49,"column":39}},{"start":{"line":49,"column":42},"end":{"line":49,"column":44}}]},"6":{"loc":{"start":{"line":54,"column":64},"end":{"line":54,"column":null}},"type":"cond-expr","locations":[{"start":{"line":54,"column":85},"end":{"line":54,"column":103}},{"start":{"line":54,"column":106},"end":{"line":54,"column":null}}]},"7":{"loc":{"start":{"line":55,"column":20},"end":{"line":55,"column":60}},"type":"cond-expr","locations":[{"start":{"line":55,"column":38},"end":{"line":55,"column":53}},{"start":{"line":55,"column":56},"end":{"line":55,"column":60}}]}},"s":{"0":0,"1":0,"2":0,"3":0,"4":0,"5":0,"6":0,"7":0,"8":0,"9":0,"10":0,"11":0,"12":0,"13":0,"14":0,"15":0,"16":0,"17":0,"18":0,"19":0},"f":{"0":0,"1":0,"2":0},"b":{"0":[0,0],"1":[0,0],"2":[0,0],"3":[0,0],"4":[0,0],"5":[0,0],"6":[0,0],"7":[0,0]}}
,"/home/ozan/github/device-microservice/src/infrastructure/common/interceptors/logger.interceptor.ts": {"path":"/home/ozan/github/device-microservice/src/infrastructure/common/interceptors/logger.interceptor.ts","statementMap":{"0":{"start":{"line":1,"column":0},"end":{"line":1,"column":92}},"1":{"start":{"line":3,"column":0},"end":{"line":3,"column":37}},"2":{"start":{"line":4,"column":0},"end":{"line":4,"column":60}},"3":{"start":{"line":7,"column":0},"end":{"line":40,"column":null}},"4":{"start":{"line":8,"column":31},"end":{"line":8,"column":39}},"5":{"start":{"line":11,"column":16},"end":{"line":11,"column":26}},"6":{"start":{"line":12,"column":24},"end":{"line":12,"column":46}},"7":{"start":{"line":13,"column":20},"end":{"line":13,"column":44}},"8":{"start":{"line":15,"column":15},"end":{"line":15,"column":34}},"9":{"start":{"line":17,"column":4},"end":{"line":17,"column":96}},"10":{"start":{"line":19,"column":4},"end":{"line":26,"column":6}},"11":{"start":{"line":21,"column":8},"end":{"line":24,"column":10}},"12":{"start":{"line":31,"column":19},"end":{"line":31,"column":53}},"13":{"start":{"line":32,"column":4},"end":{"line":37,"column":null}},"14":{"start":{"line":33,"column":19},"end":{"line":33,"column":36}},"15":{"start":{"line":34,"column":6},"end":{"line":34,"column":33}},"16":{"start":{"line":36,"column":6},"end":{"line":36,"column":44}},"17":{"start":{"line":38,"column":4},"end":{"line":38,"column":37}},"18":{"start":{"line":7,"column":13},"end":{"line":40,"column":null}},"19":{"start":{"line":7,"column":13},"end":{"line":7,"column":31}}},"fnMap":{"0":{"name":"(anonymous_2)","decl":{"start":{"line":8,"column":2},"end":{"line":8,"column":31}},"loc":{"start":{"line":8,"column":52},"end":{"line":8,"column":56}}},"1":{"name":"(anonymous_3)","decl":{"start":{"line":10,"column":2},"end":{"line":10,"column":11}},"loc":{"start":{"line":10,"column":56},"end":{"line":27,"column":3}}},"2":{"name":"(anonymous_4)","decl":{"start":{"line":20,"column":10},"end":{"line":20,"column":13}},"loc":{"start":{"line":20,"column":15},"end":{"line":25,"column":7}}},"3":{"name":"(anonymous_5)","decl":{"start":{"line":29,"column":10},"end":{"line":29,"column":15}},"loc":{"start":{"line":29,"column":28},"end":{"line":39,"column":3}}}},"branchMap":{"0":{"loc":{"start":{"line":32,"column":4},"end":{"line":37,"column":null}},"type":"if","locations":[{"start":{"line":32,"column":4},"end":{"line":37,"column":null}},{"start":{"line":35,"column":11},"end":{"line":37,"column":null}}]}},"s":{"0":0,"1":0,"2":0,"3":0,"4":0,"5":0,"6":0,"7":0,"8":0,"9":0,"10":0,"11":0,"12":0,"13":0,"14":0,"15":0,"16":0,"17":0,"18":0,"19":0},"f":{"0":0,"1":0,"2":0,"3":0},"b":{"0":[0,0]}}
,"/home/ozan/github/device-microservice/src/infrastructure/common/interceptors/response.interceptor.ts": {"path":"/home/ozan/github/device-microservice/src/infrastructure/common/interceptors/response.interceptor.ts","statementMap":{"0":{"start":{"line":1,"column":0},"end":{"line":1,"column":92}},"1":{"start":{"line":2,"column":0},"end":{"line":2,"column":46}},"2":{"start":{"line":4,"column":0},"end":{"line":4,"column":37}},"3":{"start":{"line":8,"column":2},"end":{"line":8,"column":null}},"4":{"start":{"line":10,"column":2},"end":{"line":10,"column":null}},"5":{"start":{"line":12,"column":2},"end":{"line":12,"column":null}},"6":{"start":{"line":14,"column":2},"end":{"line":14,"column":null}},"7":{"start":{"line":6,"column":0},"end":{"line":6,"column":13}},"8":{"start":{"line":20,"column":0},"end":{"line":36,"column":null}},"9":{"start":{"line":22,"column":16},"end":{"line":22,"column":26}},"10":{"start":{"line":23,"column":24},"end":{"line":23,"column":46}},"11":{"start":{"line":24,"column":20},"end":{"line":24,"column":44}},"12":{"start":{"line":25,"column":4},"end":{"line":34,"column":6}},"13":{"start":{"line":26,"column":21},"end":{"line":33,"column":8}},"14":{"start":{"line":20,"column":13},"end":{"line":36,"column":null}},"15":{"start":{"line":20,"column":13},"end":{"line":20,"column":32}}},"fnMap":{"0":{"name":"(anonymous_2)","decl":{"start":{"line":21,"column":2},"end":{"line":21,"column":11}},"loc":{"start":{"line":21,"column":56},"end":{"line":35,"column":3}}},"1":{"name":"(anonymous_3)","decl":{"start":{"line":26,"column":10},"end":{"line":26,"column":11}},"loc":{"start":{"line":26,"column":21},"end":{"line":33,"column":8}}}},"branchMap":{},"s":{"0":0,"1":0,"2":0,"3":0,"4":0,"5":0,"6":0,"7":0,"8":0,"9":0,"10":0,"11":0,"12":0,"13":0,"14":0,"15":0},"f":{"0":0,"1":0},"b":{}}
,"/home/ozan/github/device-microservice/src/infrastructure/common/swagger/response.decorator.ts": {"path":"/home/ozan/github/device-microservice/src/infrastructure/common/swagger/response.decorator.ts","statementMap":{"0":{"start":{"line":1,"column":0},"end":{"line":1,"column":55}},"1":{"start":{"line":2,"column":0},"end":{"line":2,"column":63}},"2":{"start":{"line":3,"column":0},"end":{"line":3,"column":80}},"3":{"start":{"line":5,"column":31},"end":{"line":27,"column":1}},"4":{"start":{"line":6,"column":2},"end":{"line":26,"column":4}},"5":{"start":{"line":5,"column":13},"end":{"line":5,"column":31}}},"fnMap":{"0":{"name":"(anonymous_0)","decl":{"start":{"line":5,"column":31},"end":{"line":5,"column":58}},"loc":{"start":{"line":5,"column":93},"end":{"line":27,"column":1}}}},"branchMap":{},"s":{"0":0,"1":0,"2":0,"3":0,"4":0,"5":0},"f":{"0":0},"b":{}}
,"/home/ozan/github/device-microservice/src/infrastructure/controllers/controllers.module.ts": {"path":"/home/ozan/github/device-microservice/src/infrastructure/controllers/controllers.module.ts","statementMap":{"0":{"start":{"line":1,"column":0},"end":{"line":1,"column":40}},"1":{"start":{"line":2,"column":0},"end":{"line":2,"column":91}},"2":{"start":{"line":3,"column":0},"end":{"line":3,"column":66}},"3":{"start":{"line":12,"column":0},"end":{"line":12,"column":null}},"4":{"start":{"line":12,"column":13},"end":{"line":12,"column":null}},"5":{"start":{"line":12,"column":13},"end":{"line":12,"column":30}}},"fnMap":{},"branchMap":{},"s":{"0":0,"1":0,"2":0,"3":0,"4":0,"5":0},"f":{},"b":{}}
,"/home/ozan/github/device-microservice/src/infrastructure/controllers/template/addTodo.requset..ts": {"path":"/home/ozan/github/device-microservice/src/infrastructure/controllers/template/addTodo.requset..ts","statementMap":{"0":{"start":{"line":1,"column":0},"end":{"line":1,"column":46}},"1":{"start":{"line":2,"column":0},"end":{"line":2,"column":76}},"2":{"start":{"line":8,"column":2},"end":{"line":8,"column":null}},"3":{"start":{"line":12,"column":2},"end":{"line":12,"column":null}},"4":{"start":{"line":4,"column":0},"end":{"line":4,"column":13}},"5":{"start":{"line":19,"column":2},"end":{"line":19,"column":null}},"6":{"start":{"line":15,"column":0},"end":{"line":15,"column":13}}},"fnMap":{},"branchMap":{},"s":{"0":0,"1":0,"2":0,"3":0,"4":0,"5":0,"6":0},"f":{},"b":{}}
,"/home/ozan/github/device-microservice/src/infrastructure/database/TodoBaseDatabaseAccess.ts": {"path":"/home/ozan/github/device-microservice/src/infrastructure/database/TodoBaseDatabaseAccess.ts","statementMap":{"0":{"start":{"line":1,"column":0},"end":{"line":1,"column":47}},"1":{"start":{"line":2,"column":0},"end":{"line":2,"column":82}},"2":{"start":{"line":3,"column":0},"end":{"line":3,"column":33}},"3":{"start":{"line":7,"column":0},"end":{"line":11,"column":null}},"4":{"start":{"line":9,"column":64},"end":{"line":9,"column":83}},"5":{"start":{"line":7,"column":22},"end":{"line":11,"column":null}},"6":{"start":{"line":7,"column":22},"end":{"line":7,"column":44}}},"fnMap":{"0":{"name":"(anonymous_4)","decl":{"start":{"line":9,"column":4},"end":{"line":9,"column":18}},"loc":{"start":{"line":9,"column":102},"end":{"line":10,"column":5}}}},"branchMap":{},"s":{"0":0,"1":0,"2":0,"3":0,"4":0,"5":0,"6":0},"f":{"0":0},"b":{}}
,"/home/ozan/github/device-microservice/src/infrastructure/database/mongodb.module.ts": {"path":"/home/ozan/github/device-microservice/src/infrastructure/database/mongodb.module.ts","statementMap":{"0":{"start":{"line":1,"column":0},"end":{"line":1,"column":40}},"1":{"start":{"line":2,"column":0},"end":{"line":2,"column":50}},"2":{"start":{"line":4,"column":0},"end":{"line":4,"column":58}},"3":{"start":{"line":9,"column":22},"end":{"line":14,"column":null}},"4":{"start":{"line":26,"column":0},"end":{"line":26,"column":null}},"5":{"start":{"line":26,"column":13},"end":{"line":26,"column":null}},"6":{"start":{"line":26,"column":13},"end":{"line":26,"column":26}}},"fnMap":{},"branchMap":{},"s":{"0":0,"1":0,"2":0,"3":0,"4":0,"5":0,"6":0},"f":{},"b":{}}
,"/home/ozan/github/device-microservice/src/infrastructure/database/schemas/index.ts": {"path":"/home/ozan/github/device-microservice/src/infrastructure/database/schemas/index.ts","statementMap":{"0":{"start":{"line":1,"column":0},"end":{"line":1,"column":29}}},"fnMap":{},"branchMap":{},"s":{"0":0},"f":{},"b":{}}
,"/home/ozan/github/device-microservice/src/infrastructure/database/schemas/todo.schema.ts": {"path":"/home/ozan/github/device-microservice/src/infrastructure/database/schemas/todo.schema.ts","statementMap":{"0":{"start":{"line":1,"column":0},"end":{"line":1,"column":63}},"1":{"start":{"line":6,"column":0},"end":{"line":16,"column":null}},"2":{"start":{"line":9,"column":4},"end":{"line":9,"column":null}},"3":{"start":{"line":11,"column":4},"end":{"line":11,"column":null}},"4":{"start":{"line":13,"column":4},"end":{"line":13,"column":null}},"5":{"start":{"line":15,"column":4},"end":{"line":15,"column":null}},"6":{"start":{"line":6,"column":13},"end":{"line":16,"column":null}},"7":{"start":{"line":6,"column":13},"end":{"line":6,"column":30}},"8":{"start":{"line":18,"column":13},"end":{"line":18,"column":74}}},"fnMap":{},"branchMap":{},"s":{"0":0,"1":0,"2":0,"3":0,"4":0,"5":0,"6":0,"7":0,"8":0},"f":{},"b":{}}
,"/home/ozan/github/device-microservice/src/infrastructure/entityGateways/entityGateways.module.ts": {"path":"/home/ozan/github/device-microservice/src/infrastructure/entityGateways/entityGateways.module.ts","statementMap":{"0":{"start":{"line":1,"column":0},"end":{"line":1,"column":40}},"1":{"start":{"line":2,"column":0},"end":{"line":2,"column":84}},"2":{"start":{"line":10,"column":22},"end":{"line":12,"column":null}},"3":{"start":{"line":26,"column":0},"end":{"line":26,"column":null}},"4":{"start":{"line":26,"column":13},"end":{"line":26,"column":null}},"5":{"start":{"line":26,"column":13},"end":{"line":26,"column":33}}},"fnMap":{},"branchMap":{},"s":{"0":0,"1":0,"2":0,"3":0,"4":0,"5":0},"f":{},"b":{}}
,"/home/ozan/github/device-microservice/src/infrastructure/entityGateways/template/template.module.ts": {"path":"/home/ozan/github/device-microservice/src/infrastructure/entityGateways/template/template.module.ts","statementMap":{"0":{"start":{"line":1,"column":0},"end":{"line":1,"column":40}},"1":{"start":{"line":2,"column":0},"end":{"line":2,"column":71}},"2":{"start":{"line":3,"column":0},"end":{"line":3,"column":53}},"3":{"start":{"line":7,"column":24},"end":{"line":9,"column":null}},"4":{"start":{"line":23,"column":0},"end":{"line":23,"column":null}},"5":{"start":{"line":23,"column":13},"end":{"line":23,"column":null}},"6":{"start":{"line":23,"column":13},"end":{"line":23,"column":26}}},"fnMap":{},"branchMap":{},"s":{"0":0,"1":0,"2":0,"3":0,"4":0,"5":0,"6":0},"f":{},"b":{}}
,"/home/ozan/github/device-microservice/src/infrastructure/logger/logger.module.ts": {"path":"/home/ozan/github/device-microservice/src/infrastructure/logger/logger.module.ts","statementMap":{"0":{"start":{"line":1,"column":0},"end":{"line":1,"column":40}},"1":{"start":{"line":2,"column":0},"end":{"line":2,"column":49}},"2":{"start":{"line":8,"column":0},"end":{"line":8,"column":null}},"3":{"start":{"line":8,"column":13},"end":{"line":8,"column":null}},"4":{"start":{"line":8,"column":13},"end":{"line":8,"column":25}}},"fnMap":{},"branchMap":{},"s":{"0":0,"1":0,"2":0,"3":0,"4":0},"f":{},"b":{}}
,"/home/ozan/github/device-microservice/src/infrastructure/logger/logger.service.ts": {"path":"/home/ozan/github/device-microservice/src/infrastructure/logger/logger.service.ts","statementMap":{"0":{"start":{"line":1,"column":0},"end":{"line":1,"column":52}},"1":{"start":{"line":5,"column":0},"end":{"line":28,"column":null}},"2":{"start":{"line":7,"column":4},"end":{"line":7,"column":null}},"3":{"start":{"line":10,"column":4},"end":{"line":12,"column":null}},"4":{"start":{"line":11,"column":6},"end":{"line":11,"column":49}},"5":{"start":{"line":15,"column":4},"end":{"line":15,"column":44}},"6":{"start":{"line":18,"column":4},"end":{"line":18,"column":54}},"7":{"start":{"line":21,"column":4},"end":{"line":21,"column":45}},"8":{"start":{"line":24,"column":4},"end":{"line":26,"column":null}},"9":{"start":{"line":25,"column":6},"end":{"line":25,"column":53}},"10":{"start":{"line":5,"column":13},"end":{"line":28,"column":null}},"11":{"start":{"line":5,"column":13},"end":{"line":5,"column":26}}},"fnMap":{"0":{"name":"(anonymous_2)","decl":{"start":{"line":6,"column":2},"end":{"line":6,"column":null}},"loc":{"start":{"line":6,"column":2},"end":{"line":8,"column":3}}},"1":{"name":"(anonymous_3)","decl":{"start":{"line":9,"column":2},"end":{"line":9,"column":7}},"loc":{"start":{"line":9,"column":40},"end":{"line":13,"column":3}}},"2":{"name":"(anonymous_4)","decl":{"start":{"line":14,"column":2},"end":{"line":14,"column":5}},"loc":{"start":{"line":14,"column":38},"end":{"line":16,"column":3}}},"3":{"name":"(anonymous_5)","decl":{"start":{"line":17,"column":2},"end":{"line":17,"column":7}},"loc":{"start":{"line":17,"column":56},"end":{"line":19,"column":3}}},"4":{"name":"(anonymous_6)","decl":{"start":{"line":20,"column":2},"end":{"line":20,"column":6}},"loc":{"start":{"line":20,"column":39},"end":{"line":22,"column":3}}},"5":{"name":"(anonymous_7)","decl":{"start":{"line":23,"column":2},"end":{"line":23,"column":9}},"loc":{"start":{"line":23,"column":42},"end":{"line":27,"column":3}}}},"branchMap":{"0":{"loc":{"start":{"line":10,"column":4},"end":{"line":12,"column":null}},"type":"if","locations":[{"start":{"line":10,"column":4},"end":{"line":12,"column":null}}]},"1":{"loc":{"start":{"line":24,"column":4},"end":{"line":26,"column":null}},"type":"if","locations":[{"start":{"line":24,"column":4},"end":{"line":26,"column":null}}]}},"s":{"0":0,"1":0,"2":0,"3":0,"4":0,"5":0,"6":0,"7":0,"8":0,"9":0,"10":0,"11":0},"f":{"0":0,"1":0,"2":0,"3":0,"4":0,"5":0},"b":{"0":[0],"1":[0]}}
,"/home/ozan/github/device-microservice/src/usecases/createDevice/errors.ts": {"path":"/home/ozan/github/device-microservice/src/usecases/createDevice/errors.ts","statementMap":{"0":{"start":{"line":3,"column":13},"end":{"line":6,"column":null}}},"fnMap":{},"branchMap":{},"s":{"0":1},"f":{},"b":{}}
,"/home/ozan/github/device-microservice/src/usecases/createDevice/usecase.ts": {"path":"/home/ozan/github/device-microservice/src/usecases/createDevice/usecase.ts","statementMap":{"0":{"start":{"line":3,"column":0},"end":{"line":3,"column":44}},"1":{"start":{"line":5,"column":0},"end":{"line":5,"column":34}},"2":{"start":{"line":13,"column":4},"end":{"line":13,"column":26}},"3":{"start":{"line":9,"column":21},"end":{"line":9,"column":44}},"4":{"start":{"line":10,"column":21},"end":{"line":10,"column":50}},"5":{"start":{"line":11,"column":21},"end":{"line":11,"column":44}},"6":{"start":{"line":19,"column":23},"end":{"line":19,"column":87}},"7":{"start":{"line":20,"column":4},"end":{"line":22,"column":null}},"8":{"start":{"line":21,"column":6},"end":{"line":21,"column":54}},"9":{"start":{"line":24,"column":24},"end":{"line":24,"column":65}},"10":{"start":{"line":25,"column":4},"end":{"line":27,"column":null}},"11":{"start":{"line":26,"column":6},"end":{"line":26,"column":55}},"12":{"start":{"line":29,"column":17},"end":{"line":32,"column":16}},"13":{"start":{"line":34,"column":4},"end":{"line":34,"column":51}},"14":{"start":{"line":36,"column":4},"end":{"line":36,"column":18}},"15":{"start":{"line":7,"column":0},"end":{"line":7,"column":13}}},"fnMap":{"0":{"name":"(anonymous_0)","decl":{"start":{"line":8,"column":2},"end":{"line":8,"column":null}},"loc":{"start":{"line":11,"column":44},"end":{"line":14,"column":3}}},"1":{"name":"(anonymous_1)","decl":{"start":{"line":16,"column":2},"end":{"line":16,"column":7}},"loc":{"start":{"line":16,"column":38},"end":{"line":37,"column":3}}}},"branchMap":{"0":{"loc":{"start":{"line":20,"column":4},"end":{"line":22,"column":null}},"type":"if","locations":[{"start":{"line":20,"column":4},"end":{"line":22,"column":null}}]},"1":{"loc":{"start":{"line":25,"column":4},"end":{"line":27,"column":null}},"type":"if","locations":[{"start":{"line":25,"column":4},"end":{"line":27,"column":null}}]}},"s":{"0":1,"1":1,"2":3,"3":3,"4":3,"5":3,"6":3,"7":3,"8":1,"9":2,"10":2,"11":1,"12":1,"13":1,"14":1,"15":1},"f":{"0":3,"1":3},"b":{"0":[1],"1":[1]}}
,"/home/ozan/github/device-microservice/src/util/business.error.ts": {"path":"/home/ozan/github/device-microservice/src/util/business.error.ts","statementMap":{"0":{"start":{"line":3,"column":8},"end":{"line":3,"column":23}},"1":{"start":{"line":2,"column":24},"end":{"line":2,"column":41}},"2":{"start":{"line":2,"column":41},"end":{"line":2,"column":53}},"3":{"start":{"line":1,"column":0},"end":{"line":1,"column":13}}},"fnMap":{"0":{"name":"(anonymous_0)","decl":{"start":{"line":2,"column":4},"end":{"line":2,"column":24}},"loc":{"start":{"line":2,"column":70},"end":{"line":4,"column":5}}}},"branchMap":{},"s":{"0":2,"1":2,"2":2,"3":1},"f":{"0":2},"b":{}}
,"/home/ozan/github/device-microservice/src/util/usecase.base.ts": {"path":"/home/ozan/github/device-microservice/src/util/usecase.base.ts","statementMap":{"0":{"start":{"line":1,"column":0},"end":{"line":1,"column":49}},"1":{"start":{"line":4,"column":25},"end":{"line":4,"column":37}},"2":{"start":{"line":8,"column":8},"end":{"line":8,"column":56}},"3":{"start":{"line":3,"column":0},"end":{"line":3,"column":13}}},"fnMap":{"0":{"name":"(anonymous_0)","decl":{"start":{"line":4,"column":4},"end":{"line":4,"column":25}},"loc":{"start":{"line":4,"column":37},"end":{"line":6,"column":5}}},"1":{"name":"(anonymous_1)","decl":{"start":{"line":7,"column":4},"end":{"line":7,"column":13}},"loc":{"start":{"line":7,"column":18},"end":{"line":9,"column":5}}}},"branchMap":{},"s":{"0":1,"1":3,"2":2,"3":1},"f":{"0":3,"1":2},"b":{}}
}
